The target system is: Generic - 0.0.0 - 
The host system is: Linux - 4.15.0-163-generic - x86_64
Compiling the C compiler identification source file "CMakeCCompilerId.c" succeeded.
Compiler: /usr/bin/gcc 
Build flags: -g;-c;-O0;-m32;-fno-pie;-fno-stack-protector;-fno-asynchronous-unwind-tables
Id flags:  

The output was:
0


Compilation of the C compiler identification source "CMakeCCompilerId.c" produced "CMakeCCompilerId.o"

The C compiler identification is GNU, found in "/LocalRun/wendong.song/diyos/playOS/build/CMakeFiles/3.19.8/CompilerIdC/CMakeCCompilerId.o"

Determining if the C compiler works passed with the following output:
Change Dir: /LocalRun/wendong.song/diyos/playOS/build/CMakeFiles/CMakeTmp

Run Build Command(s):/usr/bin/make cmTC_ed576/fast && /usr/bin/make  -f CMakeFiles/cmTC_ed576.dir/build.make CMakeFiles/cmTC_ed576.dir/build
make[1]: Entering directory '/LocalRun/wendong.song/diyos/playOS/build/CMakeFiles/CMakeTmp'
Building C object CMakeFiles/cmTC_ed576.dir/testCCompiler.c.obj
/usr/bin/gcc   -g -c -O0 -m32 -fno-pie -fno-stack-protector -fno-asynchronous-unwind-tables  -o CMakeFiles/cmTC_ed576.dir/testCCompiler.c.obj -c /LocalRun/wendong.song/diyos/playOS/build/CMakeFiles/CMakeTmp/testCCompiler.c
Linking C executable cmTC_ed576
/usr/local/bin/cmake -E cmake_link_script CMakeFiles/cmTC_ed576.dir/link.txt --verbose=1
/usr/bin/gcc -g -c -O0 -m32 -fno-pie -fno-stack-protector -fno-asynchronous-unwind-tables  CMakeFiles/cmTC_ed576.dir/testCCompiler.c.obj -o cmTC_ed576 
gcc: warning: CMakeFiles/cmTC_ed576.dir/testCCompiler.c.obj: linker input file unused because linking not done
make[1]: Leaving directory '/LocalRun/wendong.song/diyos/playOS/build/CMakeFiles/CMakeTmp'



Checking whether the ASM compiler is GNU using "--version" matched "(GNU assembler)|(GCC)|(Free Software Foundation)":
gcc (Ubuntu 7.5.0-3ubuntu1~18.04) 7.5.0
Copyright (C) 2017 Free Software Foundation, Inc.
This is free software; see the source for copying conditions.  There is NO
warranty; not even for MERCHANTABILITY or FITNESS FOR A PARTICULAR PURPOSE.

